<?xml version="1.0" encoding="UTF-8"?>
<!-- Generated by org.testng.reporters.JUnitXMLReporter -->
<testsuite ignored="1" hostname="LAPTOP-JITHUK" failures="0" tests="1" name="Default test" time="17.919" errors="0" timestamp="2021-12-18T21:19:32 IST">
  <testcase classname="JKE2EProjectTests.CustomerPageTest" name="CustomerPageSearchEmailTest" time="5.218"/>
  <testcase classname="JKE2EProjectTests.CustomerPageTest" name="CustomerPageSearchFirstNameTest" time="0.0">
    <ignored/>
  </testcase> <!-- CustomerPageSearchFirstNameTest -->
</testsuite> <!-- Default test -->
