<?xml version="1.0" encoding="UTF-8"?>
<!-- Generated by org.testng.reporters.JUnitXMLReporter -->
<testsuite ignored="0" hostname="LAPTOP-JITHUK" failures="0" tests="2" name="ValidateCustomerPage" time="18.243" errors="0" timestamp="2021-12-15T13:24:58 IST">
  <testcase classname="JKE2EProjectTests.CustomerPageTest" name="CustomerPageSearchEmailTest" time="5.139"/>
  <testcase classname="JKE2EProjectTests.CustomerPageTest" name="CustomerPageSearchFirstNameTest" time="2.869"/>
</testsuite> <!-- ValidateCustomerPage -->
