<?xml version="1.0" encoding="UTF-8"?>
<testsuite xmlns:xsi="http://www.w3.org/2001/XMLSchema-instance" xsi:noNamespaceSchemaLocation="https://maven.apache.org/surefire/maven-surefire-plugin/xsd/surefire-test-report.xsd" name="TestSuite" time="60.836" tests="5" errors="0" skipped="0" failures="0">
  <properties>
[...]
</properties>
  <testcase name="LoginTest" classname="JKE2EProjectTests.LoginPageTest" time="9.782"/>
  <testcase name="LoginTest" classname="JKE2EProjectTests.LoginPageTest" time="6.161"/>
  <testcase name="HomeTest" classname="JKE2EProjectTests.HomePageTest" time="9.087"/>
  <testcase name="CustomerPageSearchEmailTest" classname="JKE2EProjectTests.CustomerPageTest" time="5.139"/>
  <testcase name="CustomerPageSearchFirstNameTest" classname="JKE2EProjectTests.CustomerPageTest" time="2.872"/>
</testsuite>